INFO 2014-12-01 23:51:29,981 views 23676 140158044595968 admin login!
INFO 2014-12-01 23:52:42,876 views 23792 139669495535360 admin login!
INFO 2014-12-02 00:09:25,326 views 24201 140331405903616 admin login!
INFO 2014-12-02 00:10:54,510 views 24201 140331405903616 admin login!
INFO 2014-12-02 00:38:43,759 views 24882 140405691586304 admin login!
INFO 2014-12-02 00:39:55,276 views 24882 140405683193600 test1 login!
INFO 2014-12-02 01:00:17,469 views 25689 140638382061312 admin login!
INFO 2014-12-02 01:00:22,872 views 25689 140638277306112 admin login!
INFO 2014-12-02 02:05:59,104 views 27593 140523354208000 admin login!
INFO 2014-12-02 02:06:43,500 views 27648 140102937347840 admin login!
INFO 2014-12-02 02:08:57,720 views 27768 140118207756032 admin login!
INFO 2014-12-02 09:13:20,727 views 25021 139682424649472 test1 login!
INFO 2014-12-02 09:15:19,964 views 25177 139932176709376 test1 login!
INFO 2014-12-02 09:15:22,499 views 25177 139932176709376 test1 login!
INFO 2014-12-02 09:24:43,574 views 25506 140028751640320 test1 login!
INFO 2014-12-02 09:26:16,834 views 25706 140468648081152 test1 login!
INFO 2014-12-02 09:29:38,399 views 25841 140164378654464 test1 login!
INFO 2014-12-02 09:29:48,191 views 25867 140110102521600 test1 login!
INFO 2014-12-02 09:47:43,205 views 27448 139861308176128 test1 login!
INFO 2014-12-02 09:47:52,386 views 27448 139861308176128 admin login!
INFO 2014-12-02 10:44:59,559 views 29330 140452286494464 admin login!
INFO 2014-12-02 13:43:13,465 views 3268 140004659558144 test2 login!
INFO 2014-12-02 13:43:44,412 views 3268 140004642772736 admin login!
INFO 2014-12-02 13:44:20,351 views 3268 140004651165440 super login!
INFO 2014-12-02 13:45:14,995 views 3268 140004642772736 super login!
INFO 2014-12-02 13:45:56,393 views 3268 140004634380032 super login!
INFO 2014-12-02 13:45:57,080 views 3268 140004634380032 super login!
INFO 2014-12-02 13:45:57,487 views 3268 140004634380032 super login!
INFO 2014-12-02 13:46:01,846 views 3268 140004659558144 super login!
INFO 2014-12-02 13:48:23,925 views 3268 140004659558144 super login!
INFO 2014-12-02 14:20:53,632 views 4801 140449507432192 super login!
INFO 2014-12-02 14:26:47,343 views 5145 139926062692096 super login!
INFO 2014-12-02 14:56:25,934 views 5989 139984518506240 jacksong login!
INFO 2014-12-02 14:57:36,579 views 5989 139984510113536 jacksong1 login!
INFO 2014-12-03 10:21:52,353 views 4303 139933806786304 super login!
INFO 2014-12-03 10:36:48,006 views 4727 140108719355648 super login!
INFO 2014-12-03 16:09:22,747 views 13856 139776105441024 super login!
INFO 2014-12-03 16:24:54,214 views 14983 140299304171264 test login!
